<?xml version="1.0" encoding="UTF-8"?>
<testsuite xmlns:xsi="http://www.w3.org/2001/XMLSchema-instance" xsi:noNamespaceSchemaLocation="https://maven.apache.org/surefire/maven-surefire-plugin/xsd/surefire-test-report.xsd" name="com.example.backend.BackendApplicationTests" time="1.608" tests="3" errors="0" skipped="0" failures="0">
  <properties>
[...]
</properties>
  <testcase name="signupShouldValidatePayload" classname="com.example.backend.BackendApplicationTests" time="0.186"/>
  <testcase name="predictShouldRejectMissingIngredients" classname="com.example.backend.BackendApplicationTests" time="0.008"/>
  <testcase name="historyShouldRequireAuthentication" classname="com.example.backend.BackendApplicationTests" time="0.003"/>
</testsuite>